[2021-09-22 23:50:23.673] [exthost] [info] extension host started
[2021-09-22 23:50:23.725] [exthost] [info] ExtensionService#_doActivateExtension vscode.debug-auto-launch {"startup":true,"extensionId":{"value":"vscode.debug-auto-launch","_lower":"vscode.debug-auto-launch"},"activationEvent":"*"}
[2021-09-22 23:50:23.725] [exthost] [info] ExtensionService#loadCommonJSModule file:///usr/lib/code/extensions/debug-auto-launch/dist/extension
[2021-09-22 23:50:23.728] [exthost] [info] ExtensionService#_doActivateExtension vscode.git {"startup":true,"extensionId":{"value":"vscode.github","_lower":"vscode.github"},"activationEvent":"*"}
[2021-09-22 23:50:23.728] [exthost] [info] ExtensionService#loadCommonJSModule file:///usr/lib/code/extensions/git/dist/main
[2021-09-22 23:50:23.739] [exthost] [info] ExtensionService#_doActivateExtension CoenraadS.bracket-pair-colorizer-2 {"startup":true,"extensionId":{"value":"CoenraadS.bracket-pair-colorizer-2","_lower":"coenraads.bracket-pair-colorizer-2"},"activationEvent":"*"}
[2021-09-22 23:50:23.739] [exthost] [info] ExtensionService#loadCommonJSModule file:///home/sane/.vscode-oss/extensions/coenraads.bracket-pair-colorizer-2-0.1.4/out/src/extension
[2021-09-22 23:50:23.749] [exthost] [info] ExtensionService#_doActivateExtension teros-technology.teroshdl {"startup":true,"extensionId":{"value":"teros-technology.teroshdl","_lower":"teros-technology.teroshdl"},"activationEvent":"*"}
[2021-09-22 23:50:23.749] [exthost] [info] ExtensionService#loadCommonJSModule file:///home/sane/.vscode-oss/extensions/teros-technology.teroshdl-0.1.91/out/extension.js
[2021-09-22 23:50:23.921] [exthost] [info] ExtensionService#_doActivateExtension ms-vscode.js-debug {"startup":false,"extensionId":{"value":"ms-vscode.js-debug","_lower":"ms-vscode.js-debug"},"activationEvent":"onCommand:extension.js-debug.clearAutoAttachVariables"}
[2021-09-22 23:50:23.921] [exthost] [info] ExtensionService#loadCommonJSModule file:///usr/lib/code/extensions/ms-vscode.js-debug/src/extension.js
[2021-09-22 23:50:24.020] [exthost] [info] ExtensionService#_doActivateExtension vscode.github {"startup":false,"extensionId":{"value":"vscode.github","_lower":"vscode.github"},"activationEvent":"*"}
[2021-09-22 23:50:24.020] [exthost] [info] ExtensionService#loadCommonJSModule file:///usr/lib/code/extensions/github/dist/extension.js
[2021-09-22 23:50:24.065] [exthost] [info] eager extensions activated
[2021-09-22 23:50:24.084] [exthost] [info] ExtensionService#_doActivateExtension vscode.emmet {"startup":false,"extensionId":{"value":"vscode.emmet","_lower":"vscode.emmet"},"activationEvent":"onStartupFinished"}
[2021-09-22 23:50:24.085] [exthost] [info] ExtensionService#loadCommonJSModule file:///usr/lib/code/extensions/emmet/dist/node/emmetNodeMain
[2021-09-22 23:50:24.088] [exthost] [info] ExtensionService#_doActivateExtension vscode.merge-conflict {"startup":false,"extensionId":{"value":"vscode.merge-conflict","_lower":"vscode.merge-conflict"},"activationEvent":"onStartupFinished"}
[2021-09-22 23:50:24.088] [exthost] [info] ExtensionService#loadCommonJSModule file:///usr/lib/code/extensions/merge-conflict/dist/mergeConflictMain
[2021-09-22 23:50:24.090] [exthost] [info] ExtensionService#_doActivateExtension vscode.testing-editor-contributions {"startup":false,"extensionId":{"value":"vscode.testing-editor-contributions","_lower":"vscode.testing-editor-contributions"},"activationEvent":"onStartupFinished"}
[2021-09-22 23:50:24.090] [exthost] [info] ExtensionService#loadCommonJSModule file:///usr/lib/code/extensions/testing-editor-contributions/dist/extension.js
[2021-09-22 23:51:23.307] [exthost] [info] extension host terminating: renderer closed the socket
[2021-09-22 23:51:24.311] [exthost] [info] exiting with code 0
