[2021-08-21 15:03:42.932] [exthost] [info] extension host started
[2021-08-21 15:03:42.943] [exthost] [info] Lock '/home/sane/.config/Code - OSS/User/workspaceStorage/22f8c50d74e75f6314577a01704d86e9/vscode.lock': Lock acquired.
[2021-08-21 15:03:43.027] [exthost] [info] ExtensionService#_doActivateExtension vscode.debug-auto-launch {"startup":true,"extensionId":{"value":"vscode.debug-auto-launch","_lower":"vscode.debug-auto-launch"},"activationEvent":"*"}
[2021-08-21 15:03:43.027] [exthost] [info] ExtensionService#loadCommonJSModule file:///usr/lib/code/extensions/debug-auto-launch/dist/extension
[2021-08-21 15:03:43.030] [exthost] [info] ExtensionService#_doActivateExtension vscode.git {"startup":true,"extensionId":{"value":"vscode.github","_lower":"vscode.github"},"activationEvent":"*"}
[2021-08-21 15:03:43.030] [exthost] [info] ExtensionService#loadCommonJSModule file:///usr/lib/code/extensions/git/dist/main
[2021-08-21 15:03:43.231] [exthost] [info] ExtensionService#_doActivateExtension vscode.github {"startup":true,"extensionId":{"value":"vscode.github","_lower":"vscode.github"},"activationEvent":"*"}
[2021-08-21 15:03:43.231] [exthost] [info] ExtensionService#loadCommonJSModule file:///usr/lib/code/extensions/github/dist/extension.js
[2021-08-21 15:03:43.236] [exthost] [info] ExtensionService#_doActivateExtension ms-vscode.js-debug {"startup":false,"extensionId":{"value":"ms-vscode.js-debug","_lower":"ms-vscode.js-debug"},"activationEvent":"onCommand:extension.js-debug.clearAutoAttachVariables"}
[2021-08-21 15:03:43.236] [exthost] [info] ExtensionService#loadCommonJSModule file:///usr/lib/code/extensions/ms-vscode.js-debug/src/extension.js
[2021-08-21 15:03:43.316] [exthost] [info] eager extensions activated
[2021-08-21 15:03:43.353] [exthost] [info] ExtensionService#_doActivateExtension vscode.emmet {"startup":false,"extensionId":{"value":"vscode.emmet","_lower":"vscode.emmet"},"activationEvent":"onStartupFinished"}
[2021-08-21 15:03:43.353] [exthost] [info] ExtensionService#loadCommonJSModule file:///usr/lib/code/extensions/emmet/dist/node/emmetNodeMain
[2021-08-21 15:03:43.356] [exthost] [info] ExtensionService#_doActivateExtension vscode.merge-conflict {"startup":false,"extensionId":{"value":"vscode.merge-conflict","_lower":"vscode.merge-conflict"},"activationEvent":"onStartupFinished"}
[2021-08-21 15:03:43.356] [exthost] [info] ExtensionService#loadCommonJSModule file:///usr/lib/code/extensions/merge-conflict/dist/mergeConflictMain
[2021-08-21 15:03:43.358] [exthost] [info] ExtensionService#_doActivateExtension vscode.testing-editor-contributions {"startup":false,"extensionId":{"value":"vscode.testing-editor-contributions","_lower":"vscode.testing-editor-contributions"},"activationEvent":"onStartupFinished"}
[2021-08-21 15:03:43.359] [exthost] [info] ExtensionService#loadCommonJSModule file:///usr/lib/code/extensions/testing-editor-contributions/dist/extension.js
[2021-08-21 15:03:49.222] [exthost] [info] ExtensionService#_doActivateExtension vscode.configuration-editing {"startup":false,"extensionId":{"value":"vscode.configuration-editing","_lower":"vscode.configuration-editing"},"activationEvent":"onLanguage:jsonc"}
[2021-08-21 15:03:49.222] [exthost] [info] ExtensionService#loadCommonJSModule file:///usr/lib/code/extensions/configuration-editing/dist/configurationEditingMain
[2021-08-21 15:03:49.225] [exthost] [info] ExtensionService#_doActivateExtension vscode.json-language-features {"startup":false,"extensionId":{"value":"vscode.json-language-features","_lower":"vscode.json-language-features"},"activationEvent":"onLanguage:jsonc"}
[2021-08-21 15:03:49.225] [exthost] [info] ExtensionService#loadCommonJSModule file:///usr/lib/code/extensions/json-language-features/client/dist/node/jsonClientMain
[2021-08-21 15:03:49.241] [exthost] [info] ExtensionService#_doActivateExtension vscode.typescript-language-features {"startup":false,"extensionId":{"value":"vscode.typescript-language-features","_lower":"vscode.typescript-language-features"},"activationEvent":"onLanguage:jsonc"}
[2021-08-21 15:03:49.241] [exthost] [info] ExtensionService#loadCommonJSModule file:///usr/lib/code/extensions/typescript-language-features/dist/extension
[2021-08-21 15:12:02.402] [exthost] [info] ExtensionService#_doActivateExtension teros-technology.teroshdl {"startup":false,"extensionId":{"value":"teros-technology.teroshdl","_lower":"teros-technology.teroshdl"},"activationEvent":"*"}
[2021-08-21 15:12:02.402] [exthost] [info] ExtensionService#loadCommonJSModule file:///home/sane/.vscode-oss/extensions/teros-technology.teroshdl-0.1.91/out/extension.js
[2021-08-21 15:12:02.550] [exthost] [info] ExtensionService#_doActivateExtension vscode.html-language-features {"startup":false,"extensionId":{"value":"vscode.html-language-features","_lower":"vscode.html-language-features"},"activationEvent":"onLanguage:html"}
[2021-08-21 15:12:02.550] [exthost] [info] ExtensionService#loadCommonJSModule file:///usr/lib/code/extensions/html-language-features/client/dist/node/htmlClientMain
[2021-08-21 16:04:03.801] [exthost] [error] TypeError: Cannot read property 'file_name' of undefined
	at Project_manager.<anonymous> (/home/sane/.vscode-oss/extensions/teros-technology.teroshdl-0.1.91/out/lib/project_manager/project_manager.js:240:38)
	at Generator.next (<anonymous>)
	at /home/sane/.vscode-oss/extensions/teros-technology.teroshdl-0.1.91/out/lib/project_manager/project_manager.js:28:71
	at new Promise (<anonymous>)
	at __awaiter (/home/sane/.vscode-oss/extensions/teros-technology.teroshdl-0.1.91/out/lib/project_manager/project_manager.js:24:12)
	at Project_manager.go_to_code (/home/sane/.vscode-oss/extensions/teros-technology.teroshdl-0.1.91/out/lib/project_manager/project_manager.js:238:16)
	at /home/sane/.vscode-oss/extensions/teros-technology.teroshdl-0.1.91/out/lib/project_manager/project_manager.js:74:89
	at S._executeContributedCommand (/usr/lib/code/out/vs/workbench/services/extensions/node/extensionHostProcess.js:84:120585)
	at S._doExecuteCommand (/usr/lib/code/out/vs/workbench/services/extensions/node/extensionHostProcess.js:84:119672)
	at S.executeCommand (/usr/lib/code/out/vs/workbench/services/extensions/node/extensionHostProcess.js:84:119578)
	at w._executeConvertedCommand (/usr/lib/code/out/vs/workbench/services/extensions/node/extensionHostProcess.js:84:122820)
	at S._executeContributedCommand (/usr/lib/code/out/vs/workbench/services/extensions/node/extensionHostProcess.js:84:120585)
	at S.$executeContributedCommand (/usr/lib/code/out/vs/workbench/services/extensions/node/extensionHostProcess.js:84:121023)
	at u._doInvokeHandler (/usr/lib/code/out/vs/workbench/services/extensions/node/extensionHostProcess.js:88:12743)
	at u._invokeHandler (/usr/lib/code/out/vs/workbench/services/extensions/node/extensionHostProcess.js:88:12435)
	at u._receiveRequest (/usr/lib/code/out/vs/workbench/services/extensions/node/extensionHostProcess.js:88:11097)
	at u._receiveOneMessage (/usr/lib/code/out/vs/workbench/services/extensions/node/extensionHostProcess.js:88:9900)
	at /usr/lib/code/out/vs/workbench/services/extensions/node/extensionHostProcess.js:88:8004
	at d.fire (/usr/lib/code/out/vs/workbench/services/extensions/node/extensionHostProcess.js:57:1726)
	at h.fire (/usr/lib/code/out/vs/workbench/services/extensions/node/extensionHostProcess.js:65:15777)
	at /usr/lib/code/out/vs/workbench/services/extensions/node/extensionHostProcess.js:103:29793
	at d.fire (/usr/lib/code/out/vs/workbench/services/extensions/node/extensionHostProcess.js:57:1726)
	at h.fire (/usr/lib/code/out/vs/workbench/services/extensions/node/extensionHostProcess.js:65:15777)
	at r._receiveMessage (/usr/lib/code/out/vs/workbench/services/extensions/node/extensionHostProcess.js:65:21035)
	at /usr/lib/code/out/vs/workbench/services/extensions/node/extensionHostProcess.js:65:17921
	at d.fire (/usr/lib/code/out/vs/workbench/services/extensions/node/extensionHostProcess.js:57:1726)
	at c.acceptChunk (/usr/lib/code/out/vs/workbench/services/extensions/node/extensionHostProcess.js:65:13138)
	at /usr/lib/code/out/vs/workbench/services/extensions/node/extensionHostProcess.js:65:12486
	at Socket._ (/usr/lib/code/out/vs/workbench/services/extensions/node/extensionHostProcess.js:103:13107)
	at Socket.emit (events.js:315:20)
	at addChunk (internal/streams/readable.js:309:12)
	at readableAddChunk (internal/streams/readable.js:284:9)
	at Socket.Readable.push (internal/streams/readable.js:223:10)
	at Pipe.onStreamRead (internal/stream_base_commons.js:188:23) teroshdl_tree_view.go_to_code
[2021-08-21 16:04:03.801] [exthost] [error] Error: Running the contributed command: 'teroshdl_tree_view.go_to_code' failed.
	at S._executeContributedCommand (/usr/lib/code/out/vs/workbench/services/extensions/node/extensionHostProcess.js:84:120745)
	at runMicrotasks (<anonymous>)
	at processTicksAndRejections (internal/process/task_queues.js:93:5) teroshdl_tree_view.go_to_code
[2021-08-21 16:05:19.126] [exthost] [error] TypeError: Cannot read property 'file_name' of undefined
	at Project_manager.<anonymous> (/home/sane/.vscode-oss/extensions/teros-technology.teroshdl-0.1.91/out/lib/project_manager/project_manager.js:240:38)
	at Generator.next (<anonymous>)
	at /home/sane/.vscode-oss/extensions/teros-technology.teroshdl-0.1.91/out/lib/project_manager/project_manager.js:28:71
	at new Promise (<anonymous>)
	at __awaiter (/home/sane/.vscode-oss/extensions/teros-technology.teroshdl-0.1.91/out/lib/project_manager/project_manager.js:24:12)
	at Project_manager.go_to_code (/home/sane/.vscode-oss/extensions/teros-technology.teroshdl-0.1.91/out/lib/project_manager/project_manager.js:238:16)
	at /home/sane/.vscode-oss/extensions/teros-technology.teroshdl-0.1.91/out/lib/project_manager/project_manager.js:74:89
	at S._executeContributedCommand (/usr/lib/code/out/vs/workbench/services/extensions/node/extensionHostProcess.js:84:120585)
	at S._doExecuteCommand (/usr/lib/code/out/vs/workbench/services/extensions/node/extensionHostProcess.js:84:119672)
	at S.executeCommand (/usr/lib/code/out/vs/workbench/services/extensions/node/extensionHostProcess.js:84:119578)
	at w._executeConvertedCommand (/usr/lib/code/out/vs/workbench/services/extensions/node/extensionHostProcess.js:84:122820)
	at S._executeContributedCommand (/usr/lib/code/out/vs/workbench/services/extensions/node/extensionHostProcess.js:84:120585)
	at S.$executeContributedCommand (/usr/lib/code/out/vs/workbench/services/extensions/node/extensionHostProcess.js:84:121023)
	at u._doInvokeHandler (/usr/lib/code/out/vs/workbench/services/extensions/node/extensionHostProcess.js:88:12743)
	at u._invokeHandler (/usr/lib/code/out/vs/workbench/services/extensions/node/extensionHostProcess.js:88:12435)
	at u._receiveRequest (/usr/lib/code/out/vs/workbench/services/extensions/node/extensionHostProcess.js:88:11097)
	at u._receiveOneMessage (/usr/lib/code/out/vs/workbench/services/extensions/node/extensionHostProcess.js:88:9900)
	at /usr/lib/code/out/vs/workbench/services/extensions/node/extensionHostProcess.js:88:8004
	at d.fire (/usr/lib/code/out/vs/workbench/services/extensions/node/extensionHostProcess.js:57:1726)
	at h.fire (/usr/lib/code/out/vs/workbench/services/extensions/node/extensionHostProcess.js:65:15777)
	at /usr/lib/code/out/vs/workbench/services/extensions/node/extensionHostProcess.js:103:29793
	at d.fire (/usr/lib/code/out/vs/workbench/services/extensions/node/extensionHostProcess.js:57:1726)
	at h.fire (/usr/lib/code/out/vs/workbench/services/extensions/node/extensionHostProcess.js:65:15777)
	at r._receiveMessage (/usr/lib/code/out/vs/workbench/services/extensions/node/extensionHostProcess.js:65:21035)
	at /usr/lib/code/out/vs/workbench/services/extensions/node/extensionHostProcess.js:65:17921
	at d.fire (/usr/lib/code/out/vs/workbench/services/extensions/node/extensionHostProcess.js:57:1726)
	at c.acceptChunk (/usr/lib/code/out/vs/workbench/services/extensions/node/extensionHostProcess.js:65:13138)
	at /usr/lib/code/out/vs/workbench/services/extensions/node/extensionHostProcess.js:65:12486
	at Socket._ (/usr/lib/code/out/vs/workbench/services/extensions/node/extensionHostProcess.js:103:13107)
	at Socket.emit (events.js:315:20)
	at addChunk (internal/streams/readable.js:309:12)
	at readableAddChunk (internal/streams/readable.js:284:9)
	at Socket.Readable.push (internal/streams/readable.js:223:10)
	at Pipe.onStreamRead (internal/stream_base_commons.js:188:23) teroshdl_tree_view.go_to_code
[2021-08-21 16:05:19.126] [exthost] [error] Error: Running the contributed command: 'teroshdl_tree_view.go_to_code' failed.
	at S._executeContributedCommand (/usr/lib/code/out/vs/workbench/services/extensions/node/extensionHostProcess.js:84:120745)
	at runMicrotasks (<anonymous>)
	at processTicksAndRejections (internal/process/task_queues.js:93:5) teroshdl_tree_view.go_to_code
[2021-08-21 16:12:01.638] [exthost] [info] extension host terminating: renderer closed the socket
[2021-08-21 16:12:01.639] [exthost] [info] Lock '/home/sane/.config/Code - OSS/User/workspaceStorage/22f8c50d74e75f6314577a01704d86e9/vscode.lock': Marking the lockfile as scheduled to be released in 6000 ms.
[2021-08-21 16:12:02.650] [exthost] [info] exiting with code 0
