[Info] Symbols Requested: file:///home/sane/Coding/Verilog/test/mux2x1_test.v
> /home/sane/.vscode-oss/extensions/teros-technology.teroshdl-0.1.91/resources/bin/ctags/universal-ctags-linux --options=/home/sane/.vscode-oss/extensions/teros-technology.teroshdl-0.1.91/resources/bin/ctags/.ctags -f - --fields=+K --sort=no --excmd=n "undefined"
[Warn] 0 top-level symbols returned
[Info] Symbols Requested: file:///home/sane/Coding/Verilog/test/mux2x1_test.v
> /home/sane/.vscode-oss/extensions/teros-technology.teroshdl-0.1.91/resources/bin/ctags/universal-ctags-linux --options=/home/sane/.vscode-oss/extensions/teros-technology.teroshdl-0.1.91/resources/bin/ctags/.ctags -f - --fields=+K --sort=no --excmd=n "undefined"
[Warn] 0 top-level symbols returned
[Info] Symbols Requested: file:///home/sane/Coding/Verilog/test/mux16x1.v
> /home/sane/.vscode-oss/extensions/teros-technology.teroshdl-0.1.91/resources/bin/ctags/universal-ctags-linux --options=/home/sane/.vscode-oss/extensions/teros-technology.teroshdl-0.1.91/resources/bin/ctags/.ctags -f - --fields=+K --sort=no --excmd=n "/home/sane/Coding/Verilog/test/mux16x1.v"
[Info] 1 top-level symbols returned
[Info] Hover requested
[Info] Hover requested
[Info] Hover requested
[Info] Hover requested
[Info] Symbols Requested: file:///home/sane/Coding/Verilog/test/mux16x1.v
> /home/sane/.vscode-oss/extensions/teros-technology.teroshdl-0.1.91/resources/bin/ctags/universal-ctags-linux --options=/home/sane/.vscode-oss/extensions/teros-technology.teroshdl-0.1.91/resources/bin/ctags/.ctags -f - --fields=+K --sort=no --excmd=n "/home/sane/Coding/Verilog/test/mux2x1_test.v"
[Info] 1 top-level symbols returned
[Info] Symbols Requested: file:///home/sane/Coding/Verilog/test/mux16x1_test.v
[Info] 1 top-level symbols returned
[Info] Symbols Requested: file:///home/sane/Coding/Verilog/test/mux2x1_test.v
[Info] 1 top-level symbols returned
[Info] Symbols Requested: file:///home/sane/Coding/Verilog/test/mux16x1_test.v
> /home/sane/.vscode-oss/extensions/teros-technology.teroshdl-0.1.91/resources/bin/ctags/universal-ctags-linux --options=/home/sane/.vscode-oss/extensions/teros-technology.teroshdl-0.1.91/resources/bin/ctags/.ctags -f - --fields=+K --sort=no --excmd=n "/home/sane/Coding/Verilog/test/mux16x1_test.v"
[Info] 1 top-level symbols returned
[Info] Hover requested
[Warn] Hover object not found
[Info] Symbols Requested: file:///home/sane/Coding/Verilog/test/mux16x1_test.v
[Info] 1 top-level symbols returned
[Info] Symbols Requested: file:///home/sane/Coding/Verilog/test/mux2x1_test.v
> /home/sane/.vscode-oss/extensions/teros-technology.teroshdl-0.1.91/resources/bin/ctags/universal-ctags-linux --options=/home/sane/.vscode-oss/extensions/teros-technology.teroshdl-0.1.91/resources/bin/ctags/.ctags -f - --fields=+K --sort=no --excmd=n "/home/sane/Coding/Verilog/test/mux2x1_test.v"
[Info] 1 top-level symbols returned
[Info] Hover requested
[Warn] Hover object not found
[Info] Hover requested
[Warn] Hover object not found
[Info] Hover requested
[Warn] Hover object not found
[Info] Hover requested
[Warn] Hover object not found
[Info] Hover requested
[Warn] Hover object not found
[Info] Hover requested
[Warn] Hover object not found
[Info] Hover requested
[Info] Hover object returned
[Info] Symbols Requested: file:///home/sane/Coding/Verilog/test/mux2x1_test.v
[Info] 1 top-level symbols returned
[Info] Hover requested
[Warn] Hover object not found
[Info] Symbols Requested: file:///home/sane/Coding/Verilog/test/mux2x1_test.v
[Info] 1 top-level symbols returned
[Info] Symbols Requested: file:///home/sane/Coding/Verilog/test.v
> /home/sane/.vscode-oss/extensions/teros-technology.teroshdl-0.1.91/resources/bin/ctags/universal-ctags-linux --options=/home/sane/.vscode-oss/extensions/teros-technology.teroshdl-0.1.91/resources/bin/ctags/.ctags -f - --fields=+K --sort=no --excmd=n "/home/sane/Coding/Verilog/test.v"
[Warn] 0 top-level symbols returned
[Info] Symbols Requested: file:///home/sane/Coding/Verilog/test.v
> /home/sane/.vscode-oss/extensions/teros-technology.teroshdl-0.1.91/resources/bin/ctags/universal-ctags-linux --options=/home/sane/.vscode-oss/extensions/teros-technology.teroshdl-0.1.91/resources/bin/ctags/.ctags -f - --fields=+K --sort=no --excmd=n "/home/sane/Coding/Verilog/test.v"
[Warn] 0 top-level symbols returned
> /home/sane/.vscode-oss/extensions/teros-technology.teroshdl-0.1.91/resources/bin/ctags/universal-ctags-linux --options=/home/sane/.vscode-oss/extensions/teros-technology.teroshdl-0.1.91/resources/bin/ctags/.ctags -f - --fields=+K --sort=no --excmd=n "/home/sane/Coding/Verilog/test.v"
[Warn] 0 top-level symbols returned
[Info] Completion items requested
[Info] 0 items requested
[Info] Symbols Requested: file:///home/sane/Coding/Verilog/test.v
> /home/sane/.vscode-oss/extensions/teros-technology.teroshdl-0.1.91/resources/bin/ctags/universal-ctags-linux --options=/home/sane/.vscode-oss/extensions/teros-technology.teroshdl-0.1.91/resources/bin/ctags/.ctags -f - --fields=+K --sort=no --excmd=n "/home/sane/Coding/Verilog/test.v"
[Warn] 0 top-level symbols returned
> /home/sane/.vscode-oss/extensions/teros-technology.teroshdl-0.1.91/resources/bin/ctags/universal-ctags-linux --options=/home/sane/.vscode-oss/extensions/teros-technology.teroshdl-0.1.91/resources/bin/ctags/.ctags -f - --fields=+K --sort=no --excmd=n "/home/sane/Coding/Verilog/test.v"
[Warn] 0 top-level symbols returned
[Info] Symbols Requested: file:///home/sane/Coding/Verilog/test.v
> /home/sane/.vscode-oss/extensions/teros-technology.teroshdl-0.1.91/resources/bin/ctags/universal-ctags-linux --options=/home/sane/.vscode-oss/extensions/teros-technology.teroshdl-0.1.91/resources/bin/ctags/.ctags -f - --fields=+K --sort=no --excmd=n "/home/sane/Coding/Verilog/test.v"
[Warn] 0 top-level symbols returned
[Info] Symbols Requested: file:///home/sane/Coding/Verilog/test.v
> /home/sane/.vscode-oss/extensions/teros-technology.teroshdl-0.1.91/resources/bin/ctags/universal-ctags-linux --options=/home/sane/.vscode-oss/extensions/teros-technology.teroshdl-0.1.91/resources/bin/ctags/.ctags -f - --fields=+K --sort=no --excmd=n "/home/sane/Coding/Verilog/test.v"
[Warn] 0 top-level symbols returned
> /home/sane/.vscode-oss/extensions/teros-technology.teroshdl-0.1.91/resources/bin/ctags/universal-ctags-linux --options=/home/sane/.vscode-oss/extensions/teros-technology.teroshdl-0.1.91/resources/bin/ctags/.ctags -f - --fields=+K --sort=no --excmd=n "/home/sane/Coding/Verilog/test.v"
[Warn] 0 top-level symbols returned
[Info] Symbols Requested: file:///home/sane/Coding/Verilog/test.v
> /home/sane/.vscode-oss/extensions/teros-technology.teroshdl-0.1.91/resources/bin/ctags/universal-ctags-linux --options=/home/sane/.vscode-oss/extensions/teros-technology.teroshdl-0.1.91/resources/bin/ctags/.ctags -f - --fields=+K --sort=no --excmd=n "/home/sane/Coding/Verilog/test.v"
[Warn] 0 top-level symbols returned
[Info] Completion items requested
[Info] 0 items requested
[Info] Symbols Requested: file:///home/sane/Coding/Verilog/test.v
> /home/sane/.vscode-oss/extensions/teros-technology.teroshdl-0.1.91/resources/bin/ctags/universal-ctags-linux --options=/home/sane/.vscode-oss/extensions/teros-technology.teroshdl-0.1.91/resources/bin/ctags/.ctags -f - --fields=+K --sort=no --excmd=n "/home/sane/Coding/Verilog/test.v"
[Warn] 0 top-level symbols returned
[Info] Symbols Requested: file:///home/sane/Coding/Verilog/test.v
> /home/sane/.vscode-oss/extensions/teros-technology.teroshdl-0.1.91/resources/bin/ctags/universal-ctags-linux --options=/home/sane/.vscode-oss/extensions/teros-technology.teroshdl-0.1.91/resources/bin/ctags/.ctags -f - --fields=+K --sort=no --excmd=n "/home/sane/Coding/Verilog/test.v"
[Warn] 0 top-level symbols returned
> /home/sane/.vscode-oss/extensions/teros-technology.teroshdl-0.1.91/resources/bin/ctags/universal-ctags-linux --options=/home/sane/.vscode-oss/extensions/teros-technology.teroshdl-0.1.91/resources/bin/ctags/.ctags -f - --fields=+K --sort=no --excmd=n "/home/sane/Coding/Verilog/test.v"
[Warn] 0 top-level symbols returned
[Info] Symbols Requested: file:///home/sane/Coding/Verilog/test.v
> /home/sane/.vscode-oss/extensions/teros-technology.teroshdl-0.1.91/resources/bin/ctags/universal-ctags-linux --options=/home/sane/.vscode-oss/extensions/teros-technology.teroshdl-0.1.91/resources/bin/ctags/.ctags -f - --fields=+K --sort=no --excmd=n "/home/sane/Coding/Verilog/test.v"
[Warn] 0 top-level symbols returned
> /home/sane/.vscode-oss/extensions/teros-technology.teroshdl-0.1.91/resources/bin/ctags/universal-ctags-linux --options=/home/sane/.vscode-oss/extensions/teros-technology.teroshdl-0.1.91/resources/bin/ctags/.ctags -f - --fields=+K --sort=no --excmd=n "/home/sane/Coding/Verilog/test.v"
[Warn] 0 top-level symbols returned
[Info] Symbols Requested: file:///home/sane/Coding/Verilog/test.v
> /home/sane/.vscode-oss/extensions/teros-technology.teroshdl-0.1.91/resources/bin/ctags/universal-ctags-linux --options=/home/sane/.vscode-oss/extensions/teros-technology.teroshdl-0.1.91/resources/bin/ctags/.ctags -f - --fields=+K --sort=no --excmd=n "/home/sane/Coding/Verilog/test.v"
[Warn] 0 top-level symbols returned
> /home/sane/.vscode-oss/extensions/teros-technology.teroshdl-0.1.91/resources/bin/ctags/universal-ctags-linux --options=/home/sane/.vscode-oss/extensions/teros-technology.teroshdl-0.1.91/resources/bin/ctags/.ctags -f - --fields=+K --sort=no --excmd=n "/home/sane/Coding/Verilog/test.v"
[Warn] 0 top-level symbols returned
[Info] Symbols Requested: file:///home/sane/Coding/Verilog/test.v
> /home/sane/.vscode-oss/extensions/teros-technology.teroshdl-0.1.91/resources/bin/ctags/universal-ctags-linux --options=/home/sane/.vscode-oss/extensions/teros-technology.teroshdl-0.1.91/resources/bin/ctags/.ctags -f - --fields=+K --sort=no --excmd=n "/home/sane/Coding/Verilog/test.v"
[Warn] 0 top-level symbols returned
> /home/sane/.vscode-oss/extensions/teros-technology.teroshdl-0.1.91/resources/bin/ctags/universal-ctags-linux --options=/home/sane/.vscode-oss/extensions/teros-technology.teroshdl-0.1.91/resources/bin/ctags/.ctags -f - --fields=+K --sort=no --excmd=n "/home/sane/Coding/Verilog/test.v"
[Warn] 0 top-level symbols returned
[Info] Completion items requested
[Info] 0 items requested
[Info] Symbols Requested: file:///home/sane/Coding/Verilog/test.v
> /home/sane/.vscode-oss/extensions/teros-technology.teroshdl-0.1.91/resources/bin/ctags/universal-ctags-linux --options=/home/sane/.vscode-oss/extensions/teros-technology.teroshdl-0.1.91/resources/bin/ctags/.ctags -f - --fields=+K --sort=no --excmd=n "/home/sane/Coding/Verilog/test.v"
[Warn] 0 top-level symbols returned
[Info] Symbols Requested: file:///home/sane/Coding/Verilog/test.v
> /home/sane/.vscode-oss/extensions/teros-technology.teroshdl-0.1.91/resources/bin/ctags/universal-ctags-linux --options=/home/sane/.vscode-oss/extensions/teros-technology.teroshdl-0.1.91/resources/bin/ctags/.ctags -f - --fields=+K --sort=no --excmd=n "/home/sane/Coding/Verilog/test.v"
[Warn] 0 top-level symbols returned
> /home/sane/.vscode-oss/extensions/teros-technology.teroshdl-0.1.91/resources/bin/ctags/universal-ctags-linux --options=/home/sane/.vscode-oss/extensions/teros-technology.teroshdl-0.1.91/resources/bin/ctags/.ctags -f - --fields=+K --sort=no --excmd=n "/home/sane/Coding/Verilog/test.v"
[Warn] 0 top-level symbols returned
[Info] Symbols Requested: file:///home/sane/Coding/Verilog/test.v
> /home/sane/.vscode-oss/extensions/teros-technology.teroshdl-0.1.91/resources/bin/ctags/universal-ctags-linux --options=/home/sane/.vscode-oss/extensions/teros-technology.teroshdl-0.1.91/resources/bin/ctags/.ctags -f - --fields=+K --sort=no --excmd=n "/home/sane/Coding/Verilog/test.v"
[Warn] 0 top-level symbols returned
[Info] Symbols Requested: file:///home/sane/Coding/Verilog/test.v
> /home/sane/.vscode-oss/extensions/teros-technology.teroshdl-0.1.91/resources/bin/ctags/universal-ctags-linux --options=/home/sane/.vscode-oss/extensions/teros-technology.teroshdl-0.1.91/resources/bin/ctags/.ctags -f - --fields=+K --sort=no --excmd=n "/home/sane/Coding/Verilog/test.v"
[Warn] 0 top-level symbols returned
[Info] Symbols Requested: file:///home/sane/Coding/Verilog/test.v
> /home/sane/.vscode-oss/extensions/teros-technology.teroshdl-0.1.91/resources/bin/ctags/universal-ctags-linux --options=/home/sane/.vscode-oss/extensions/teros-technology.teroshdl-0.1.91/resources/bin/ctags/.ctags -f - --fields=+K --sort=no --excmd=n "/home/sane/Coding/Verilog/test.v"
[Warn] 0 top-level symbols returned
> /home/sane/.vscode-oss/extensions/teros-technology.teroshdl-0.1.91/resources/bin/ctags/universal-ctags-linux --options=/home/sane/.vscode-oss/extensions/teros-technology.teroshdl-0.1.91/resources/bin/ctags/.ctags -f - --fields=+K --sort=no --excmd=n "/home/sane/Coding/Verilog/test.v"
[Warn] 0 top-level symbols returned
[Info] Completion items requested
[Info] 0 items requested
[Info] Symbols Requested: file:///home/sane/Coding/Verilog/test.v
> /home/sane/.vscode-oss/extensions/teros-technology.teroshdl-0.1.91/resources/bin/ctags/universal-ctags-linux --options=/home/sane/.vscode-oss/extensions/teros-technology.teroshdl-0.1.91/resources/bin/ctags/.ctags -f - --fields=+K --sort=no --excmd=n "/home/sane/Coding/Verilog/test.v"
[Warn] 0 top-level symbols returned
[Info] Completion items requested
[Info] 0 items requested
[Info] Symbols Requested: file:///home/sane/Coding/Verilog/test.v
> /home/sane/.vscode-oss/extensions/teros-technology.teroshdl-0.1.91/resources/bin/ctags/universal-ctags-linux --options=/home/sane/.vscode-oss/extensions/teros-technology.teroshdl-0.1.91/resources/bin/ctags/.ctags -f - --fields=+K --sort=no --excmd=n "/home/sane/Coding/Verilog/test.v"
[Warn] 0 top-level symbols returned
> /home/sane/.vscode-oss/extensions/teros-technology.teroshdl-0.1.91/resources/bin/ctags/universal-ctags-linux --options=/home/sane/.vscode-oss/extensions/teros-technology.teroshdl-0.1.91/resources/bin/ctags/.ctags -f - --fields=+K --sort=no --excmd=n "/home/sane/Coding/Verilog/test.v"
[Warn] 0 top-level symbols returned
[Info] Completion items requested
[Info] 0 items requested
[Info] Completion items requested
[Info] 0 items requested
[Info] Symbols Requested: file:///home/sane/Coding/Verilog/test.v
> /home/sane/.vscode-oss/extensions/teros-technology.teroshdl-0.1.91/resources/bin/ctags/universal-ctags-linux --options=/home/sane/.vscode-oss/extensions/teros-technology.teroshdl-0.1.91/resources/bin/ctags/.ctags -f - --fields=+K --sort=no --excmd=n "/home/sane/Coding/Verilog/test.v"
[Warn] 0 top-level symbols returned
> /home/sane/.vscode-oss/extensions/teros-technology.teroshdl-0.1.91/resources/bin/ctags/universal-ctags-linux --options=/home/sane/.vscode-oss/extensions/teros-technology.teroshdl-0.1.91/resources/bin/ctags/.ctags -f - --fields=+K --sort=no --excmd=n "/home/sane/Coding/Verilog/test.v"
[Info] 1 top-level symbols returned
[Info] Completion items requested
[Info] 1 items requested
[Info] Symbols Requested: file:///home/sane/Coding/Verilog/test.v
[Info] 1 top-level symbols returned
[Info] Symbols Requested: file:///home/sane/Coding/Verilog/test.v
[Info] 1 top-level symbols returned
> /home/sane/.vscode-oss/extensions/teros-technology.teroshdl-0.1.91/resources/bin/ctags/universal-ctags-linux --options=/home/sane/.vscode-oss/extensions/teros-technology.teroshdl-0.1.91/resources/bin/ctags/.ctags -f - --fields=+K --sort=no --excmd=n "/home/sane/Coding/Verilog/test.v"
[Info] 1 top-level symbols returned
[Info] Symbols Requested: file:///home/sane/Coding/Verilog/test.v
[Info] 1 top-level symbols returned
> /home/sane/.vscode-oss/extensions/teros-technology.teroshdl-0.1.91/resources/bin/ctags/universal-ctags-linux --options=/home/sane/.vscode-oss/extensions/teros-technology.teroshdl-0.1.91/resources/bin/ctags/.ctags -f - --fields=+K --sort=no --excmd=n "/home/sane/Coding/Verilog/test.v"
[Info] 1 top-level symbols returned
[Info] Symbols Requested: file:///home/sane/Coding/Verilog/test.v
[Info] 1 top-level symbols returned
> /home/sane/.vscode-oss/extensions/teros-technology.teroshdl-0.1.91/resources/bin/ctags/universal-ctags-linux --options=/home/sane/.vscode-oss/extensions/teros-technology.teroshdl-0.1.91/resources/bin/ctags/.ctags -f - --fields=+K --sort=no --excmd=n "/home/sane/Coding/Verilog/test.v"
[Info] 1 top-level symbols returned
[Info] Symbols Requested: file:///home/sane/Coding/Verilog/test.v
[Info] 1 top-level symbols returned
> /home/sane/.vscode-oss/extensions/teros-technology.teroshdl-0.1.91/resources/bin/ctags/universal-ctags-linux --options=/home/sane/.vscode-oss/extensions/teros-technology.teroshdl-0.1.91/resources/bin/ctags/.ctags -f - --fields=+K --sort=no --excmd=n "/home/sane/Coding/Verilog/test.v"
[Info] 1 top-level symbols returned
[Info] Symbols Requested: file:///home/sane/Coding/Verilog/test.v
[Info] 1 top-level symbols returned
> /home/sane/.vscode-oss/extensions/teros-technology.teroshdl-0.1.91/resources/bin/ctags/universal-ctags-linux --options=/home/sane/.vscode-oss/extensions/teros-technology.teroshdl-0.1.91/resources/bin/ctags/.ctags -f - --fields=+K --sort=no --excmd=n "/home/sane/Coding/Verilog/test.v"
[Info] 1 top-level symbols returned
[Info] Symbols Requested: file:///home/sane/Coding/Verilog/test.v
[Info] 1 top-level symbols returned
[Info] Symbols Requested: file:///home/sane/Coding/Verilog/test/mux2x1_test.v
> /home/sane/.vscode-oss/extensions/teros-technology.teroshdl-0.1.91/resources/bin/ctags/universal-ctags-linux --options=/home/sane/.vscode-oss/extensions/teros-technology.teroshdl-0.1.91/resources/bin/ctags/.ctags -f - --fields=+K --sort=no --excmd=n "/home/sane/Coding/Verilog/test/mux2x1_test.v"
[Info] 1 top-level symbols returned
[Info] Symbols Requested: file:///home/sane/Coding/Verilog/test/mux2x1_test.v
[Info] 1 top-level symbols returned
[Info] Symbols Requested: file:///home/sane/Coding/Verilog/test/mux2x1.v
> /home/sane/.vscode-oss/extensions/teros-technology.teroshdl-0.1.91/resources/bin/ctags/universal-ctags-linux --options=/home/sane/.vscode-oss/extensions/teros-technology.teroshdl-0.1.91/resources/bin/ctags/.ctags -f - --fields=+K --sort=no --excmd=n "/home/sane/Coding/Verilog/test/mux2x1.v"
[Info] 1 top-level symbols returned
[Info] Hover requested
[Info] Hover object returned
[Info] Symbols Requested: file:///home/sane/Coding/Verilog/test/mux2x1.v
[Info] 1 top-level symbols returned
[Info] Symbols Requested: file:///home/sane/Coding/Verilog/test.v
> /home/sane/.vscode-oss/extensions/teros-technology.teroshdl-0.1.91/resources/bin/ctags/universal-ctags-linux --options=/home/sane/.vscode-oss/extensions/teros-technology.teroshdl-0.1.91/resources/bin/ctags/.ctags -f - --fields=+K --sort=no --excmd=n "/home/sane/Coding/Verilog/test.v"
[Info] 1 top-level symbols returned
[Info] Symbols Requested: file:///home/sane/Coding/Verilog/test.v
[Info] 1 top-level symbols returned
> /home/sane/.vscode-oss/extensions/teros-technology.teroshdl-0.1.91/resources/bin/ctags/universal-ctags-linux --options=/home/sane/.vscode-oss/extensions/teros-technology.teroshdl-0.1.91/resources/bin/ctags/.ctags -f - --fields=+K --sort=no --excmd=n "/home/sane/Coding/Verilog/test.v"
[Info] 1 top-level symbols returned
[Info] Completion items requested
[Info] 1 items requested
[Info] Symbols Requested: file:///home/sane/Coding/Verilog/test.v
[Info] 1 top-level symbols returned
[Info] Completion items requested
[Info] 1 items requested
[Info] Completion items requested
[Info] 1 items requested
[Info] Symbols Requested: file:///home/sane/Coding/Verilog/test.v
[Info] 1 top-level symbols returned
[Info] Completion items requested
[Info] 1 items requested
[Info] Symbols Requested: file:///home/sane/Coding/Verilog/test.v
[Info] 1 top-level symbols returned
[Info] Symbols Requested: file:///home/sane/Coding/Verilog/test.v
[Info] 1 top-level symbols returned
[Info] Symbols Requested: file:///home/sane/Coding/Verilog/test.v
[Info] 1 top-level symbols returned
[Info] Completion items requested
[Info] 1 items requested
[Info] Symbols Requested: file:///home/sane/Coding/Verilog/test.v
[Info] 1 top-level symbols returned
[Info] Symbols Requested: file:///home/sane/Coding/Verilog/test.v
[Info] 1 top-level symbols returned
[Info] Completion items requested
[Info] 1 items requested
[Info] Completion items requested
[Info] 1 items requested
[Info] Completion items requested
[Info] 1 items requested
[Info] Completion items requested
[Info] 1 items requested
[Info] Symbols Requested: file:///home/sane/Coding/Verilog/test.v
[Info] 1 top-level symbols returned
[Info] Completion items requested
[Info] 1 items requested
[Info] Completion items requested
[Info] 1 items requested
[Info] Symbols Requested: file:///home/sane/Coding/Verilog/test.v
[Info] 1 top-level symbols returned
[Info] Symbols Requested: file:///home/sane/Coding/Verilog/test.v
[Info] 1 top-level symbols returned
> /home/sane/.vscode-oss/extensions/teros-technology.teroshdl-0.1.91/resources/bin/ctags/universal-ctags-linux --options=/home/sane/.vscode-oss/extensions/teros-technology.teroshdl-0.1.91/resources/bin/ctags/.ctags -f - --fields=+K --sort=no --excmd=n "/home/sane/Coding/Verilog/test.v"
[Info] 2 top-level symbols returned
[Info] Completion items requested
[Info] 2 items requested
[Info] Symbols Requested: file:///home/sane/Coding/Verilog/test.v
[Info] 2 top-level symbols returned
> /home/sane/.vscode-oss/extensions/teros-technology.teroshdl-0.1.91/resources/bin/ctags/universal-ctags-linux --options=/home/sane/.vscode-oss/extensions/teros-technology.teroshdl-0.1.91/resources/bin/ctags/.ctags -f - --fields=+K --sort=no --excmd=n "/home/sane/Coding/Verilog/test.v"
[Info] 3 top-level symbols returned
[Info] Symbols Requested: file:///home/sane/Coding/Verilog/test.v
[Info] 3 top-level symbols returned
[Info] Symbols Requested: file:///home/sane/Coding/Verilog/test.v
[Info] 3 top-level symbols returned
[Info] Completion items requested
[Info] 3 items requested
[Info] Completion items requested
[Info] 3 items requested
[Info] Completion items requested
[Info] 3 items requested
[Info] Symbols Requested: file:///home/sane/Coding/Verilog/test.v
[Info] 3 top-level symbols returned
[Info] Completion items requested
[Info] 3 items requested
[Info] Completion items requested
[Info] 3 items requested
[Info] Completion items requested
[Info] 3 items requested
[Info] Completion items requested
[Info] 3 items requested
[Info] Completion items requested
[Info] 3 items requested
[Info] Completion items requested
[Info] 3 items requested
[Info] Symbols Requested: file:///home/sane/Coding/Verilog/test.v
[Info] 3 top-level symbols returned
> /home/sane/.vscode-oss/extensions/teros-technology.teroshdl-0.1.91/resources/bin/ctags/universal-ctags-linux --options=/home/sane/.vscode-oss/extensions/teros-technology.teroshdl-0.1.91/resources/bin/ctags/.ctags -f - --fields=+K --sort=no --excmd=n "/home/sane/Coding/Verilog/test.v"
[Info] 1 top-level symbols returned
[Info] Symbols Requested: file:///home/sane/Coding/Verilog/test.v
[Info] 1 top-level symbols returned
[Info] Symbols Requested: file:///home/sane/Coding/Verilog/test/mux2x1.v
> /home/sane/.vscode-oss/extensions/teros-technology.teroshdl-0.1.91/resources/bin/ctags/universal-ctags-linux --options=/home/sane/.vscode-oss/extensions/teros-technology.teroshdl-0.1.91/resources/bin/ctags/.ctags -f - --fields=+K --sort=no --excmd=n "/home/sane/Coding/Verilog/test/mux2x1.v"
[Info] 1 top-level symbols returned
[Info] Hover requested
[Info] Hover object returned
[Info] Symbols Requested: file:///home/sane/Coding/Verilog/test/mux2x1.v
[Info] 1 top-level symbols returned
[Info] Symbols Requested: file:///home/sane/Coding/Verilog/test.v
> /home/sane/.vscode-oss/extensions/teros-technology.teroshdl-0.1.91/resources/bin/ctags/universal-ctags-linux --options=/home/sane/.vscode-oss/extensions/teros-technology.teroshdl-0.1.91/resources/bin/ctags/.ctags -f - --fields=+K --sort=no --excmd=n "/home/sane/Coding/Verilog/test.v"
[Info] 1 top-level symbols returned
[Info] Symbols Requested: file:///home/sane/Coding/Verilog/test.v
[Info] 1 top-level symbols returned
> /home/sane/.vscode-oss/extensions/teros-technology.teroshdl-0.1.91/resources/bin/ctags/universal-ctags-linux --options=/home/sane/.vscode-oss/extensions/teros-technology.teroshdl-0.1.91/resources/bin/ctags/.ctags -f - --fields=+K --sort=no --excmd=n "/home/sane/Coding/Verilog/test.v"
[Info] 1 top-level symbols returned
[Info] Symbols Requested: file:///home/sane/Coding/Verilog/test.v
[Info] 1 top-level symbols returned
[Info] Symbols Requested: file:///home/sane/Coding/Verilog/test.v
[Info] 1 top-level symbols returned
> /home/sane/.vscode-oss/extensions/teros-technology.teroshdl-0.1.91/resources/bin/ctags/universal-ctags-linux --options=/home/sane/.vscode-oss/extensions/teros-technology.teroshdl-0.1.91/resources/bin/ctags/.ctags -f - --fields=+K --sort=no --excmd=n "/home/sane/Coding/Verilog/test.v"
[Info] 1 top-level symbols returned
[Info] Symbols Requested: file:///home/sane/Coding/Verilog/test.v
[Info] 1 top-level symbols returned
> /home/sane/.vscode-oss/extensions/teros-technology.teroshdl-0.1.91/resources/bin/ctags/universal-ctags-linux --options=/home/sane/.vscode-oss/extensions/teros-technology.teroshdl-0.1.91/resources/bin/ctags/.ctags -f - --fields=+K --sort=no --excmd=n "/home/sane/Coding/Verilog/test.v"
[Info] 1 top-level symbols returned
[Info] Symbols Requested: file:///home/sane/Coding/Verilog/test.v
[Info] 1 top-level symbols returned
> /home/sane/.vscode-oss/extensions/teros-technology.teroshdl-0.1.91/resources/bin/ctags/universal-ctags-linux --options=/home/sane/.vscode-oss/extensions/teros-technology.teroshdl-0.1.91/resources/bin/ctags/.ctags -f - --fields=+K --sort=no --excmd=n "/home/sane/Coding/Verilog/test.v"
[Info] 1 top-level symbols returned
[Info] Completion items requested
[Info] 3 items requested
[Info] Symbols Requested: file:///home/sane/Coding/Verilog/test.v
[Info] 1 top-level symbols returned
[Info] Symbols Requested: file:///home/sane/Coding/Verilog/test.v
[Info] 1 top-level symbols returned
[Info] Completion items requested
[Info] 3 items requested
[Info] Symbols Requested: file:///home/sane/Coding/Verilog/test.v
[Info] 1 top-level symbols returned
> /home/sane/.vscode-oss/extensions/teros-technology.teroshdl-0.1.91/resources/bin/ctags/universal-ctags-linux --options=/home/sane/.vscode-oss/extensions/teros-technology.teroshdl-0.1.91/resources/bin/ctags/.ctags -f - --fields=+K --sort=no --excmd=n "/home/sane/Coding/Verilog/test.v"
[Info] 1 top-level symbols returned
[Info] Symbols Requested: file:///home/sane/Coding/Verilog/test.v
[Info] 1 top-level symbols returned
[Info] Symbols Requested: file:///home/sane/Coding/Verilog/test/mux2x1.v
> /home/sane/.vscode-oss/extensions/teros-technology.teroshdl-0.1.91/resources/bin/ctags/universal-ctags-linux --options=/home/sane/.vscode-oss/extensions/teros-technology.teroshdl-0.1.91/resources/bin/ctags/.ctags -f - --fields=+K --sort=no --excmd=n "/home/sane/Coding/Verilog/test/mux2x1.v"
[Info] 1 top-level symbols returned
[Info] Symbols Requested: file:///home/sane/Coding/Verilog/test/mux2x1.v
[Info] 1 top-level symbols returned
[Info] Symbols Requested: file:///home/sane/Coding/Verilog/test.v
> /home/sane/.vscode-oss/extensions/teros-technology.teroshdl-0.1.91/resources/bin/ctags/universal-ctags-linux --options=/home/sane/.vscode-oss/extensions/teros-technology.teroshdl-0.1.91/resources/bin/ctags/.ctags -f - --fields=+K --sort=no --excmd=n "/home/sane/Coding/Verilog/test.v"
[Info] 1 top-level symbols returned
[Info] Completion items requested
[Info] 3 items requested
[Info] Completion items requested
[Info] 3 items requested
[Info] Completion items requested
[Info] 3 items requested
[Info] Symbols Requested: file:///home/sane/Coding/Verilog/test.v
[Info] 1 top-level symbols returned
[Info] Completion items requested
[Info] 3 items requested
[Info] Symbols Requested: file:///home/sane/Coding/Verilog/test.v
[Info] 1 top-level symbols returned
> /home/sane/.vscode-oss/extensions/teros-technology.teroshdl-0.1.91/resources/bin/ctags/universal-ctags-linux --options=/home/sane/.vscode-oss/extensions/teros-technology.teroshdl-0.1.91/resources/bin/ctags/.ctags -f - --fields=+K --sort=no --excmd=n "/home/sane/Coding/Verilog/test.v"
[Info] 1 top-level symbols returned
[Info] Hover requested
[Info] Hover object returned
[Info] Symbols Requested: file:///home/sane/Coding/Verilog/test.v
[Info] 1 top-level symbols returned
> /home/sane/.vscode-oss/extensions/teros-technology.teroshdl-0.1.91/resources/bin/ctags/universal-ctags-linux --options=/home/sane/.vscode-oss/extensions/teros-technology.teroshdl-0.1.91/resources/bin/ctags/.ctags -f - --fields=+K --sort=no --excmd=n "/home/sane/Coding/Verilog/test.v"
[Info] 1 top-level symbols returned
[Info] Completion items requested
[Info] 3 items requested
[Info] Symbols Requested: file:///home/sane/Coding/Verilog/test.v
[Info] 1 top-level symbols returned
> /home/sane/.vscode-oss/extensions/teros-technology.teroshdl-0.1.91/resources/bin/ctags/universal-ctags-linux --options=/home/sane/.vscode-oss/extensions/teros-technology.teroshdl-0.1.91/resources/bin/ctags/.ctags -f - --fields=+K --sort=no --excmd=n "/home/sane/Coding/Verilog/test.v"
[Info] 1 top-level symbols returned
[Info] Hover requested
[Warn] Hover object not found
[Info] Completion items requested
[Info] 3 items requested
[Info] Symbols Requested: file:///home/sane/Coding/Verilog/test.v
[Info] 1 top-level symbols returned
[Info] Completion items requested
[Info] 3 items requested
[Info] Completion items requested
[Info] 3 items requested
[Info] Completion items requested
[Info] 3 items requested
[Info] Symbols Requested: file:///home/sane/Coding/Verilog/test.v
[Info] 1 top-level symbols returned
[Info] Symbols Requested: file:///home/sane/Coding/Verilog/test.v
[Info] 1 top-level symbols returned
[Info] Completion items requested
[Info] 3 items requested
[Info] Symbols Requested: file:///home/sane/Coding/Verilog/test.v
[Info] 1 top-level symbols returned
> /home/sane/.vscode-oss/extensions/teros-technology.teroshdl-0.1.91/resources/bin/ctags/universal-ctags-linux --options=/home/sane/.vscode-oss/extensions/teros-technology.teroshdl-0.1.91/resources/bin/ctags/.ctags -f - --fields=+K --sort=no --excmd=n "/home/sane/Coding/Verilog/test.v"
[Info] 1 top-level symbols returned
[Info] Symbols Requested: file:///home/sane/Coding/Verilog/test.v
[Info] 1 top-level symbols returned
> /home/sane/.vscode-oss/extensions/teros-technology.teroshdl-0.1.91/resources/bin/ctags/universal-ctags-linux --options=/home/sane/.vscode-oss/extensions/teros-technology.teroshdl-0.1.91/resources/bin/ctags/.ctags -f - --fields=+K --sort=no --excmd=n "/home/sane/Coding/Verilog/test.v"
[Info] 1 top-level symbols returned
[Info] Symbols Requested: file:///home/sane/Coding/Verilog/test.v
[Info] 1 top-level symbols returned
[Info] Symbols Requested: file:///home/sane/Coding/Verilog/test/mux2x1.v
> /home/sane/.vscode-oss/extensions/teros-technology.teroshdl-0.1.91/resources/bin/ctags/universal-ctags-linux --options=/home/sane/.vscode-oss/extensions/teros-technology.teroshdl-0.1.91/resources/bin/ctags/.ctags -f - --fields=+K --sort=no --excmd=n "/home/sane/Coding/Verilog/test/mux2x1.v"
[Info] 1 top-level symbols returned
[Info] Symbols Requested: file:///home/sane/Coding/Verilog/test/mux2x1.v
[Info] 1 top-level symbols returned
[Info] Symbols Requested: file:///home/sane/Coding/Verilog/test.v
> /home/sane/.vscode-oss/extensions/teros-technology.teroshdl-0.1.91/resources/bin/ctags/universal-ctags-linux --options=/home/sane/.vscode-oss/extensions/teros-technology.teroshdl-0.1.91/resources/bin/ctags/.ctags -f - --fields=+K --sort=no --excmd=n "/home/sane/Coding/Verilog/test.v"
[Info] 1 top-level symbols returned
[Info] Hover requested
[Warn] Hover object not found
[Info] Hover requested
[Warn] Hover object not found
[Info] Symbols Requested: file:///home/sane/Coding/Verilog/test.v
[Info] 1 top-level symbols returned
[Info] Symbols Requested: file:///home/sane/Coding/Verilog/test/mux2x1.v
> /home/sane/.vscode-oss/extensions/teros-technology.teroshdl-0.1.91/resources/bin/ctags/universal-ctags-linux --options=/home/sane/.vscode-oss/extensions/teros-technology.teroshdl-0.1.91/resources/bin/ctags/.ctags -f - --fields=+K --sort=no --excmd=n "/home/sane/Coding/Verilog/test/mux2x1.v"
[Info] 1 top-level symbols returned
[Info] Symbols Requested: file:///home/sane/Coding/Verilog/test/mux2x1.v
[Info] 1 top-level symbols returned
[Info] Symbols Requested: file:///home/sane/Coding/Verilog/test.v
> /home/sane/.vscode-oss/extensions/teros-technology.teroshdl-0.1.91/resources/bin/ctags/universal-ctags-linux --options=/home/sane/.vscode-oss/extensions/teros-technology.teroshdl-0.1.91/resources/bin/ctags/.ctags -f - --fields=+K --sort=no --excmd=n "/home/sane/Coding/Verilog/test.v"
[Info] 1 top-level symbols returned
[Info] Hover requested
[Warn] Hover object not found
[Info] Symbols Requested: file:///home/sane/Coding/Verilog/test.v
[Info] 1 top-level symbols returned
[Info] Hover requested
[Warn] Hover object not found
> /home/sane/.vscode-oss/extensions/teros-technology.teroshdl-0.1.91/resources/bin/ctags/universal-ctags-linux --options=/home/sane/.vscode-oss/extensions/teros-technology.teroshdl-0.1.91/resources/bin/ctags/.ctags -f - --fields=+K --sort=no --excmd=n "/home/sane/Coding/Verilog/test.v"
[Info] 1 top-level symbols returned
[Info] Hover requested
[Warn] Hover object not found
[Info] Completion items requested
[Info] 3 items requested
[Info] Symbols Requested: file:///home/sane/Coding/Verilog/test.v
[Info] 1 top-level symbols returned
> /home/sane/.vscode-oss/extensions/teros-technology.teroshdl-0.1.91/resources/bin/ctags/universal-ctags-linux --options=/home/sane/.vscode-oss/extensions/teros-technology.teroshdl-0.1.91/resources/bin/ctags/.ctags -f - --fields=+K --sort=no --excmd=n "/home/sane/Coding/Verilog/test.v"
[Info] 1 top-level symbols returned
[Info] Symbols Requested: file:///home/sane/Coding/Verilog/test.v
[Info] 1 top-level symbols returned
[Info] Symbols Requested: file:///home/sane/Coding/Verilog/test/mux16x1_test.v
> /home/sane/.vscode-oss/extensions/teros-technology.teroshdl-0.1.91/resources/bin/ctags/universal-ctags-linux --options=/home/sane/.vscode-oss/extensions/teros-technology.teroshdl-0.1.91/resources/bin/ctags/.ctags -f - --fields=+K --sort=no --excmd=n "/home/sane/Coding/Verilog/test/mux16x1_test.v"
[Info] 1 top-level symbols returned
[Info] Hover requested
[Warn] Hover object not found
[Info] Hover requested
[Warn] Hover object not found
[Info] Symbols Requested: file:///home/sane/Coding/Verilog/test/mux16x1_test.v
[Info] 1 top-level symbols returned
[Info] Symbols Requested: file:///home/sane/Coding/Verilog/test/mux2x1.v
> /home/sane/.vscode-oss/extensions/teros-technology.teroshdl-0.1.91/resources/bin/ctags/universal-ctags-linux --options=/home/sane/.vscode-oss/extensions/teros-technology.teroshdl-0.1.91/resources/bin/ctags/.ctags -f - --fields=+K --sort=no --excmd=n "/home/sane/Coding/Verilog/test/mux2x1.v"
[Info] 1 top-level symbols returned
[Info] Hover requested
[Warn] Hover object not found
[Info] Symbols Requested: file:///home/sane/Coding/Verilog/test/mux2x1.v
[Info] 1 top-level symbols returned
[Info] Symbols Requested: file:///home/sane/Coding/Verilog/test/mux2x1_test.v
> /home/sane/.vscode-oss/extensions/teros-technology.teroshdl-0.1.91/resources/bin/ctags/universal-ctags-linux --options=/home/sane/.vscode-oss/extensions/teros-technology.teroshdl-0.1.91/resources/bin/ctags/.ctags -f - --fields=+K --sort=no --excmd=n "/home/sane/Coding/Verilog/test/mux2x1_test.v"
[Info] 1 top-level symbols returned
[Info] Symbols Requested: file:///home/sane/Coding/Verilog/test/mux2x1_test.v
[Info] 1 top-level symbols returned
[Info] Symbols Requested: file:///home/sane/Coding/Verilog/test/mux16x1.v
> /home/sane/.vscode-oss/extensions/teros-technology.teroshdl-0.1.91/resources/bin/ctags/universal-ctags-linux --options=/home/sane/.vscode-oss/extensions/teros-technology.teroshdl-0.1.91/resources/bin/ctags/.ctags -f - --fields=+K --sort=no --excmd=n "/home/sane/Coding/Verilog/test/mux16x1.v"
[Info] 1 top-level symbols returned
[Info] Hover requested
[Warn] Hover object not found
[Info] Symbols Requested: file:///home/sane/Coding/Verilog/test/mux16x1.v
[Info] 1 top-level symbols returned
[Info] Symbols Requested: file:///home/sane/Coding/Verilog/test.v
> /home/sane/.vscode-oss/extensions/teros-technology.teroshdl-0.1.91/resources/bin/ctags/universal-ctags-linux --options=/home/sane/.vscode-oss/extensions/teros-technology.teroshdl-0.1.91/resources/bin/ctags/.ctags -f - --fields=+K --sort=no --excmd=n "/home/sane/Coding/Verilog/test.v"
[Info] 1 top-level symbols returned
[Info] Symbols Requested: file:///home/sane/Coding/Verilog/test/mux16x1_test.v
> /home/sane/.vscode-oss/extensions/teros-technology.teroshdl-0.1.91/resources/bin/ctags/universal-ctags-linux --options=/home/sane/.vscode-oss/extensions/teros-technology.teroshdl-0.1.91/resources/bin/ctags/.ctags -f - --fields=+K --sort=no --excmd=n "/home/sane/Coding/Verilog/test/mux16x1_test.v"
[Info] 1 top-level symbols returned
[Info] Hover requested
[Warn] Hover object not found
[Info] Hover requested
[Warn] Hover object not found
