[2021-09-17 23:21:03.577] [exthost] [info] extension host started
[2021-09-17 23:21:03.610] [exthost] [info] Lock '/home/sane/.config/Code - OSS/User/workspaceStorage/e9c6304ad86b2b5877f4afd5643093bd/vscode.lock': Lock acquired.
[2021-09-17 23:21:03.682] [exthost] [info] ExtensionService#_doActivateExtension vscode.debug-auto-launch {"startup":true,"extensionId":{"value":"vscode.debug-auto-launch","_lower":"vscode.debug-auto-launch"},"activationEvent":"*"}
[2021-09-17 23:21:03.682] [exthost] [info] ExtensionService#loadCommonJSModule file:///usr/lib/code/extensions/debug-auto-launch/dist/extension
[2021-09-17 23:21:03.685] [exthost] [info] ExtensionService#_doActivateExtension vscode.git {"startup":true,"extensionId":{"value":"vscode.github","_lower":"vscode.github"},"activationEvent":"*"}
[2021-09-17 23:21:03.685] [exthost] [info] ExtensionService#loadCommonJSModule file:///usr/lib/code/extensions/git/dist/main
[2021-09-17 23:21:03.702] [exthost] [info] ExtensionService#_doActivateExtension CoenraadS.bracket-pair-colorizer-2 {"startup":true,"extensionId":{"value":"CoenraadS.bracket-pair-colorizer-2","_lower":"coenraads.bracket-pair-colorizer-2"},"activationEvent":"*"}
[2021-09-17 23:21:03.702] [exthost] [info] ExtensionService#loadCommonJSModule file:///home/sane/.vscode-oss/extensions/coenraads.bracket-pair-colorizer-2-0.1.4/out/src/extension
[2021-09-17 23:21:03.725] [exthost] [info] ExtensionService#_doActivateExtension teros-technology.teroshdl {"startup":true,"extensionId":{"value":"teros-technology.teroshdl","_lower":"teros-technology.teroshdl"},"activationEvent":"*"}
[2021-09-17 23:21:03.725] [exthost] [info] ExtensionService#loadCommonJSModule file:///home/sane/.vscode-oss/extensions/teros-technology.teroshdl-0.1.91/out/extension.js
[2021-09-17 23:21:03.835] [exthost] [info] ExtensionService#_doActivateExtension ms-vscode.js-debug {"startup":false,"extensionId":{"value":"ms-vscode.js-debug","_lower":"ms-vscode.js-debug"},"activationEvent":"onCommand:extension.js-debug.clearAutoAttachVariables"}
[2021-09-17 23:21:03.835] [exthost] [info] ExtensionService#loadCommonJSModule file:///usr/lib/code/extensions/ms-vscode.js-debug/src/extension.js
[2021-09-17 23:21:03.925] [exthost] [info] ExtensionService#_doActivateExtension vscode.github {"startup":false,"extensionId":{"value":"vscode.github","_lower":"vscode.github"},"activationEvent":"*"}
[2021-09-17 23:21:03.926] [exthost] [info] ExtensionService#loadCommonJSModule file:///usr/lib/code/extensions/github/dist/extension.js
[2021-09-17 23:21:03.978] [exthost] [info] eager extensions activated
[2021-09-17 23:21:04.003] [exthost] [info] ExtensionService#_doActivateExtension vscode.emmet {"startup":false,"extensionId":{"value":"vscode.emmet","_lower":"vscode.emmet"},"activationEvent":"onStartupFinished"}
[2021-09-17 23:21:04.003] [exthost] [info] ExtensionService#loadCommonJSModule file:///usr/lib/code/extensions/emmet/dist/node/emmetNodeMain
[2021-09-17 23:21:04.007] [exthost] [info] ExtensionService#_doActivateExtension vscode.merge-conflict {"startup":false,"extensionId":{"value":"vscode.merge-conflict","_lower":"vscode.merge-conflict"},"activationEvent":"onStartupFinished"}
[2021-09-17 23:21:04.007] [exthost] [info] ExtensionService#loadCommonJSModule file:///usr/lib/code/extensions/merge-conflict/dist/mergeConflictMain
[2021-09-17 23:21:04.009] [exthost] [info] ExtensionService#_doActivateExtension vscode.testing-editor-contributions {"startup":false,"extensionId":{"value":"vscode.testing-editor-contributions","_lower":"vscode.testing-editor-contributions"},"activationEvent":"onStartupFinished"}
[2021-09-17 23:21:04.009] [exthost] [info] ExtensionService#loadCommonJSModule file:///usr/lib/code/extensions/testing-editor-contributions/dist/extension.js
[2021-09-17 23:34:23.718] [exthost] [info] extension host terminating: renderer closed the socket
[2021-09-17 23:34:23.718] [exthost] [info] Lock '/home/sane/.config/Code - OSS/User/workspaceStorage/e9c6304ad86b2b5877f4afd5643093bd/vscode.lock': Marking the lockfile as scheduled to be released in 6000 ms.
[2021-09-17 23:34:24.731] [exthost] [info] exiting with code 0
