Looking for git in: git
Using git 2.33.0 from git
Opening repository for path='/home/sane/Sci-1 Notes' failed; ex=Failed to execute git {
  "exitCode": 128,
  "gitErrorCode": "NotAGitRepository",
  "gitCommand": "rev-parse",
  "stdout": "",
  "stderr": "fatal: not a git repository (or any parent up to mount point /)\nStopping at filesystem boundary (GIT_DISCOVERY_ACROSS_FILESYSTEM not set).\n"
}
Opening repository for path='/home/sane/Sci-1 Notes' failed; ex=Failed to execute git {
  "exitCode": 128,
  "gitErrorCode": "NotAGitRepository",
  "gitCommand": "rev-parse",
  "stdout": "",
  "stderr": "fatal: not a git repository (or any parent up to mount point /)\nStopping at filesystem boundary (GIT_DISCOVERY_ACROSS_FILESYSTEM not set).\n"
}
Opening repository for path='/home/sane/Sci-1 Notes/.vscode' failed; ex=Failed to execute git {
  "exitCode": 128,
  "gitErrorCode": "NotAGitRepository",
  "gitCommand": "rev-parse",
  "stdout": "",
  "stderr": "fatal: not a git repository (or any parent up to mount point /)\nStopping at filesystem boundary (GIT_DISCOVERY_ACROSS_FILESYSTEM not set).\n"
}
Opening repository for path='/home/sane/Sci-1 Notes/02Sep.txt' failed; ex=Error: spawn ENOTDIR
Opening repository for path='/home/sane/Sci-1 Notes/09Sept.txt' failed; ex=Error: spawn ENOTDIR
Opening repository for path='/home/sane/Sci-1 Notes/13Sept.txt' failed; ex=Error: spawn ENOTDIR
Opening repository for path='/home/sane/Sci-1 Notes/16Sept.txt' failed; ex=Error: spawn ENOTDIR
Opening repository for path='/home/sane/Sci-1 Notes/30Aug.txt' failed; ex=Error: spawn ENOTDIR
Opening repository for path='/home/sane/Sci-1 Notes' failed; ex=Failed to execute git {
  "exitCode": 128,
  "gitErrorCode": "NotAGitRepository",
  "gitCommand": "rev-parse",
  "stdout": "",
  "stderr": "fatal: not a git repository (or any parent up to mount point /)\nStopping at filesystem boundary (GIT_DISCOVERY_ACROSS_FILESYSTEM not set).\n"
}
Opening repository for path='/home/sane/Sci-1 Notes' failed; ex=Failed to execute git {
  "exitCode": 128,
  "gitErrorCode": "NotAGitRepository",
  "gitCommand": "rev-parse",
  "stdout": "",
  "stderr": "fatal: not a git repository (or any parent up to mount point /)\nStopping at filesystem boundary (GIT_DISCOVERY_ACROSS_FILESYSTEM not set).\n"
}
